Oct 31, 2019 9:10:16 PM authenticationlab.FileLogger <init>
INFO: System startup
Oct 31, 2019 9:10:22 PM authenticationlab.FileLogger log
INFO: 2019-10-31 21:10:22.071 New
Oct 31, 2019 9:11:01 PM authenticationlab.FileLogger <init>
INFO: System startup
Oct 31, 2019 9:11:05 PM authenticationlab.FileLogger log
INFO: 2019-10-31 21:11:05.485 New
Oct 31, 2019 9:11:21 PM authenticationlab.FileLogger log
INFO: 2019-10-31 21:11:21.911 New
nov. 05, 2019 12:46:50 PM authenticationlab.FileLogger <init>
INFO: System startup
nov. 05, 2019 12:47:10 PM authenticationlab.FileLogger log
INFO: 2019-11-05 12:47:10.614 New
nov. 05, 2019 12:52:09 PM authenticationlab.FileLogger <init>
INFO: System startup
nov. 05, 2019 12:52:13 PM authenticationlab.FileLogger log
INFO: 2019-11-05 12:52:13.458 New
nov. 05, 2019 12:53:09 PM authenticationlab.FileLogger <init>
INFO: System startup
nov. 05, 2019 12:53:24 PM authenticationlab.FileLogger log
INFO: 2019-11-05 12:53:24.013 New
nov. 05, 2019 12:54:29 PM authenticationlab.FileLogger <init>
INFO: System startup
nov. 05, 2019 12:54:31 PM authenticationlab.FileLogger log
INFO: 2019-11-05 12:54:31.821 New
nov. 05, 2019 12:59:20 PM authenticationlab.FileLogger <init>
INFO: System startup
nov. 05, 2019 12:59:27 PM authenticationlab.FileLogger log
INFO: 2019-11-05 12:59:27.629 New
nov. 05, 2019 1:00:34 PM authenticationlab.FileLogger <init>
INFO: System startup
nov. 05, 2019 1:00:51 PM authenticationlab.FileLogger <init>
INFO: System startup
nov. 05, 2019 1:00:56 PM authenticationlab.FileLogger log
INFO: 2019-11-05 13:00:56.377 New
nov. 05, 2019 1:01:22 PM authenticationlab.FileLogger <init>
INFO: System startup
nov. 05, 2019 1:01:24 PM authenticationlab.FileLogger log
INFO: 2019-11-05 13:01:24.832 New
